{"level":"info","message":"Env","timestamp":"2024-11-07T06:36:31.640Z"}
{"level":"info","message":"Server is running at http://localhost:5000","timestamp":"2024-11-07T06:36:31.644Z"}
{"level":"info","message":"Env","timestamp":"2024-11-07T06:40:40.991Z"}
{"level":"info","message":"Server is running at http://localhost:5000","timestamp":"2024-11-07T06:40:40.996Z"}
{"level":"info","message":"MongoDB connected: ac-ugm1u9p-shard-00-02.u9jhip9.mongodb.net","timestamp":"2024-11-07T06:47:15.298Z"}
{"level":"info","message":"Env","timestamp":"2024-11-07T06:47:15.305Z"}
{"level":"info","message":"Server is running at http://localhost:5000","timestamp":"2024-11-07T06:47:15.306Z"}
{"level":"info","message":"MongoDB connected: ac-ugm1u9p-shard-00-00.u9jhip9.mongodb.net","timestamp":"2024-11-07T08:28:11.112Z"}
{"level":"info","message":"Env","timestamp":"2024-11-07T08:28:11.132Z"}
{"level":"info","message":"Server is running at http://localhost:5000","timestamp":"2024-11-07T08:28:11.133Z"}
{"level":"info","message":"MongoDB connected: ac-ugm1u9p-shard-00-00.u9jhip9.mongodb.net","timestamp":"2024-11-14T05:51:58.045Z"}
{"level":"info","message":"Server is running at http://localhost:5000","timestamp":"2024-11-14T05:51:58.055Z"}
{"level":"info","message":"MongoDB connected: ac-ugm1u9p-shard-00-02.u9jhip9.mongodb.net","timestamp":"2024-11-14T06:10:03.175Z"}
{"level":"info","message":"Server is running at http://localhost:5000","timestamp":"2024-11-14T06:10:03.181Z"}
{"level":"error","message":"Error: Server selection timed out after 30000 ms","timestamp":"2024-11-15T06:48:13.674Z"}
{"level":"error","message":"Error: Server selection timed out after 30000 ms","timestamp":"2024-11-15T06:49:19.160Z"}
{"level":"error","message":"Error: Server selection timed out after 30000 ms","timestamp":"2024-11-15T06:52:15.339Z"}
{"level":"error","message":"Error: Server selection timed out after 30000 ms","timestamp":"2024-11-15T06:55:08.459Z"}
{"level":"error","message":"Error for DB connect: Server selection timed out after 30000 ms","timestamp":"2024-11-15T06:55:47.130Z"}
{"level":"info","message":"MongoDB connected: ac-ugm1u9p-shard-00-01.u9jhip9.mongodb.net","timestamp":"2024-11-15T07:03:00.011Z"}
{"level":"info","message":"Server is running at http://localhost:5000","timestamp":"2024-11-15T07:03:00.042Z"}
{"level":"info","message":"MongoDB connected: ac-ugm1u9p-shard-00-01.u9jhip9.mongodb.net","timestamp":"2024-11-15T07:13:15.066Z"}
{"level":"info","message":"Server is running at http://localhost:5000","timestamp":"2024-11-15T07:13:15.073Z"}
{"level":"info","message":"MongoDB connected: ac-ugm1u9p-shard-00-02.u9jhip9.mongodb.net","timestamp":"2024-11-15T07:23:32.250Z"}
{"level":"info","message":"Server is running at http://localhost:5000","timestamp":"2024-11-15T07:23:32.256Z"}
{"level":"info","message":"MongoDB connected: ac-ugm1u9p-shard-00-02.u9jhip9.mongodb.net","timestamp":"2024-11-15T07:24:13.085Z"}
{"level":"info","message":"Server is running at http://localhost:5000","timestamp":"2024-11-15T07:24:13.091Z"}
{"level":"info","message":"MongoDB connected: ac-ugm1u9p-shard-00-01.u9jhip9.mongodb.net","timestamp":"2024-11-15T07:26:04.389Z"}
{"level":"info","message":"Server is running at http://localhost:5000","timestamp":"2024-11-15T07:26:04.396Z"}
{"level":"info","message":"Get nonce request received","timestamp":"2024-11-15T07:26:23.335Z"}
